0 info it worked if it ends with ok
1 verbose cli [ '/usr/local/bin/node', '/usr/local/bin/npm', 'run', 'build' ]
2 info using npm@3.10.10
3 info using node@v6.11.5
4 verbose run-script [ 'prebuild', 'build', 'postbuild' ]
5 info lifecycle symbosu@0.0.1~prebuild: symbosu@0.0.1
6 silly lifecycle symbosu@0.0.1~prebuild: no script for prebuild, continuing
7 info lifecycle symbosu@0.0.1~build: symbosu@0.0.1
8 verbose lifecycle symbosu@0.0.1~build: unsafe-perm in lifecycle true
9 verbose lifecycle symbosu@0.0.1~build: PATH: /usr/local/lib/node_modules/npm/bin/node-gyp-bin:/opt/local/apache2/htdocs/oregonflora/symbosu/js/react/node_modules/.bin:/opt/local/bin:/opt/local/sbin:/usr/local/bin:/usr/bin:/bin:/usr/sbin:/sbin
10 verbose lifecycle symbosu@0.0.1~build: CWD: /opt/local/apache2/htdocs/oregonflora/symbosu/js/react
11 silly lifecycle symbosu@0.0.1~build: Args: [ '-c', 'NODE_ENV=production webpack' ]
12 silly lifecycle symbosu@0.0.1~build: Returned: code: 1  signal: null
13 info lifecycle symbosu@0.0.1~build: Failed to exec build script
14 verbose stack Error: symbosu@0.0.1 build: `NODE_ENV=production webpack`
14 verbose stack Exit status 1
14 verbose stack     at EventEmitter.<anonymous> (/usr/local/lib/node_modules/npm/lib/utils/lifecycle.js:255:16)
14 verbose stack     at emitTwo (events.js:106:13)
14 verbose stack     at EventEmitter.emit (events.js:191:7)
14 verbose stack     at ChildProcess.<anonymous> (/usr/local/lib/node_modules/npm/lib/utils/spawn.js:40:14)
14 verbose stack     at emitTwo (events.js:106:13)
14 verbose stack     at ChildProcess.emit (events.js:191:7)
14 verbose stack     at maybeClose (internal/child_process.js:920:16)
14 verbose stack     at Process.ChildProcess._handle.onexit (internal/child_process.js:230:5)
15 verbose pkgid symbosu@0.0.1
16 verbose cwd /opt/local/apache2/htdocs/oregonflora/symbosu/js/react
17 error Darwin 19.2.0
18 error argv "/usr/local/bin/node" "/usr/local/bin/npm" "run" "build"
19 error node v6.11.5
20 error npm  v3.10.10
21 error code ELIFECYCLE
22 error symbosu@0.0.1 build: `NODE_ENV=production webpack`
22 error Exit status 1
23 error Failed at the symbosu@0.0.1 build script 'NODE_ENV=production webpack'.
23 error Make sure you have the latest version of node.js and npm installed.
23 error If you do, this is most likely a problem with the symbosu package,
23 error not with npm itself.
23 error Tell the author that this fails on your system:
23 error     NODE_ENV=production webpack
23 error You can get information on how to open an issue for this project with:
23 error     npm bugs symbosu
23 error Or if that isn't available, you can get their info via:
23 error     npm owner ls symbosu
23 error There is likely additional logging output above.
24 verbose exit [ 1, true ]
